# JRE version: OpenJDK Runtime Environment (8.0_242-b01) (build 1.8.0_242-release-1644-b01)
# Java VM: OpenJDK 64-Bit Server VM (25.242-b01 mixed mode windows-amd64 compressed oops)
Heap:
 PSYoungGen      total 515584K, used 217184K [0x00000000d5580000, 0x00000000fc280000, 0x0000000100000000)
  eden space 468992K, 36% used [0x00000000d5580000,0x00000000dfe299d0,0x00000000f1f80000)
  from space 46592K, 95% used [0x00000000f1f80000,0x00000000f4aee820,0x00000000f4d00000)
  to   space 53248K, 0% used [0x00000000f8e80000,0x00000000f8e80000,0x00000000fc280000)
 ParOldGen       total 274432K, used 94170K [0x0000000080000000, 0x0000000090c00000, 0x00000000d5580000)
  object space 274432K, 34% used [0x0000000080000000,0x0000000085bf6be0,0x0000000090c00000)
 Metaspace       used 150990K, capacity 158820K, committed 159180K, reserved 1187840K
  class space    used 19767K, capacity 21381K, committed 21504K, reserved 1048576K
GC Heap History (10 events):
Event: 445.213 GC heap before
{Heap before GC invocations=21 (full 4):
 PSYoungGen      total 365056K, used 341085K [0x00000000d5580000, 0x00000000ee600000, 0x0000000100000000)
  eden space 335360K, 100% used [0x00000000d5580000,0x00000000e9d00000,0x00000000e9d00000)
  from space 29696K, 19% used [0x00000000ec900000,0x00000000ece975b0,0x00000000ee600000)
  to   space 37376K, 0% used [0x00000000e9d00000,0x00000000e9d00000,0x00000000ec180000)
 ParOldGen       total 274432K, used 67494K [0x0000000080000000, 0x0000000090c00000, 0x00000000d5580000)
  object space 274432K, 24% used [0x0000000080000000,0x00000000841e9b38,0x0000000090c00000)
 Metaspace       used 107290K, capacity 112290K, committed 112588K, reserved 1146880K
  class space    used 14286K, capacity 15343K, committed 15360K, reserved 1048576K
Event: 445.256 GC heap after
Heap after GC invocations=21 (full 4):
 PSYoungGen      total 372736K, used 14118K [0x00000000d5580000, 0x00000000f3080000, 0x0000000100000000)
  eden space 335360K, 0% used [0x00000000d5580000,0x00000000d5580000,0x00000000e9d00000)
  from space 37376K, 37% used [0x00000000e9d00000,0x00000000eaac9aa0,0x00000000ec180000)
  to   space 35328K, 0% used [0x00000000f0e00000,0x00000000f0e00000,0x00000000f3080000)
 ParOldGen       total 274432K, used 71492K [0x0000000080000000, 0x0000000090c00000, 0x00000000d5580000)
  object space 274432K, 26% used [0x0000000080000000,0x00000000845d1260,0x0000000090c00000)
 Metaspace       used 107290K, capacity 112290K, committed 112588K, reserved 1146880K
  class space    used 14286K, capacity 15343K, committed 15360K, reserved 1048576K
}
Event: 1742.762 GC heap before
{Heap before GC invocations=22 (full 4):
 PSYoungGen      total 372736K, used 349478K [0x00000000d5580000, 0x00000000f3080000, 0x0000000100000000)
  eden space 335360K, 100% used [0x00000000d5580000,0x00000000e9d00000,0x00000000e9d00000)
  from space 37376K, 37% used [0x00000000e9d00000,0x00000000eaac9aa0,0x00000000ec180000)
  to   space 35328K, 0% used [0x00000000f0e00000,0x00000000f0e00000,0x00000000f3080000)
 ParOldGen       total 274432K, used 71492K [0x0000000080000000, 0x0000000090c00000, 0x00000000d5580000)
  object space 274432K, 26% used [0x0000000080000000,0x00000000845d1260,0x0000000090c00000)
 Metaspace       used 125215K, capacity 131128K, committed 131276K, reserved 1163264K
  class space    used 16568K, capacity 17821K, committed 17920K, reserved 1048576K
Event: 1742.814 GC heap after
Heap after GC invocations=22 (full 4):
 PSYoungGen      total 441344K, used 35308K [0x00000000d5580000, 0x00000000f3800000, 0x0000000100000000)
  eden space 406016K, 0% used [0x00000000d5580000,0x00000000d5580000,0x00000000ee200000)
  from space 35328K, 99% used [0x00000000f0e00000,0x00000000f307b060,0x00000000f3080000)
  to   space 44032K, 0% used [0x00000000ee200000,0x00000000ee200000,0x00000000f0d00000)
 ParOldGen       total 274432K, used 80832K [0x0000000080000000, 0x0000000090c00000, 0x00000000d5580000)
  object space 274432K, 29% used [0x0000000080000000,0x0000000084ef02d0,0x0000000090c00000)
 Metaspace       used 125215K, capacity 131128K, committed 131276K, reserved 1163264K
  class space    used 16568K, capacity 17821K, committed 17920K, reserved 1048576K
}
Event: 1832.537 GC heap before
{Heap before GC invocations=23 (full 4):
 PSYoungGen      total 441344K, used 441324K [0x00000000d5580000, 0x00000000f3800000, 0x0000000100000000)
  eden space 406016K, 100% used [0x00000000d5580000,0x00000000ee200000,0x00000000ee200000)
  from space 35328K, 99% used [0x00000000f0e00000,0x00000000f307b060,0x00000000f3080000)
  to   space 44032K, 0% used [0x00000000ee200000,0x00000000ee200000,0x00000000f0d00000)
 ParOldGen       total 274432K, used 80832K [0x0000000080000000, 0x0000000090c00000, 0x00000000d5580000)
  object space 274432K, 29% used [0x0000000080000000,0x0000000084ef02d0,0x0000000090c00000)
 Metaspace       used 139323K, capacity 146146K, committed 146380K, reserved 1175552K
  class space    used 18399K, capacity 19848K, committed 19968K, reserved 1048576K
Event: 1832.582 GC heap after
Heap after GC invocations=23 (full 4):
 PSYoungGen      total 450048K, used 25737K [0x00000000d5580000, 0x00000000f8180000, 0x0000000100000000)
  eden space 406016K, 0% used [0x00000000d5580000,0x00000000d5580000,0x00000000ee200000)
  from space 44032K, 58% used [0x00000000ee200000,0x00000000efb22628,0x00000000f0d00000)
  to   space 44544K, 0% used [0x00000000f5600000,0x00000000f5600000,0x00000000f8180000)
 ParOldGen       total 274432K, used 94146K [0x0000000080000000, 0x0000000090c00000, 0x00000000d5580000)
  object space 274432K, 34% used [0x0000000080000000,0x0000000085bf0be0,0x0000000090c00000)
 Metaspace       used 139323K, capacity 146146K, committed 146380K, reserved 1175552K
  class space    used 18399K, capacity 19848K, committed 19968K, reserved 1048576K
}
Event: 5123.447 GC heap before
{Heap before GC invocations=24 (full 4):
 PSYoungGen      total 450048K, used 431753K [0x00000000d5580000, 0x00000000f8180000, 0x0000000100000000)
  eden space 406016K, 100% used [0x00000000d5580000,0x00000000ee200000,0x00000000ee200000)
  from space 44032K, 58% used [0x00000000ee200000,0x00000000efb22628,0x00000000f0d00000)
  to   space 44544K, 0% used [0x00000000f5600000,0x00000000f5600000,0x00000000f8180000)
 ParOldGen       total 274432K, used 94146K [0x0000000080000000, 0x0000000090c00000, 0x00000000d5580000)
  object space 274432K, 34% used [0x0000000080000000,0x0000000085bf0be0,0x0000000090c00000)
 Metaspace       used 140563K, capacity 147724K, committed 147916K, reserved 1177600K
  class space    used 18481K, capacity 19961K, committed 19968K, reserved 1048576K
Event: 5123.493 GC heap after
Heap after GC invocations=24 (full 4):
 PSYoungGen      total 506368K, used 32204K [0x00000000d5580000, 0x00000000f7a80000, 0x0000000100000000)
  eden space 468992K, 0% used [0x00000000d5580000,0x00000000d5580000,0x00000000f1f80000)
  from space 37376K, 86% used [0x00000000f5600000,0x00000000f75732a8,0x00000000f7a80000)
  to   space 46592K, 0% used [0x00000000f1f80000,0x00000000f1f80000,0x00000000f4d00000)
 ParOldGen       total 274432K, used 94154K [0x0000000080000000, 0x0000000090c00000, 0x00000000d5580000)
  object space 274432K, 34% used [0x0000000080000000,0x0000000085bf2be0,0x0000000090c00000)
 Metaspace       used 140563K, capacity 147724K, committed 147916K, reserved 1177600K
  class space    used 18481K, capacity 19961K, committed 19968K, reserved 1048576K
}
Event: 6280.243 GC heap before
{Heap before GC invocations=25 (full 4):
 PSYoungGen      total 506368K, used 501196K [0x00000000d5580000, 0x00000000f7a80000, 0x0000000100000000)
  eden space 468992K, 100% used [0x00000000d5580000,0x00000000f1f80000,0x00000000f1f80000)
  from space 37376K, 86% used [0x00000000f5600000,0x00000000f75732a8,0x00000000f7a80000)
  to   space 46592K, 0% used [0x00000000f1f80000,0x00000000f1f80000,0x00000000f4d00000)
 ParOldGen       total 274432K, used 94154K [0x0000000080000000, 0x0000000090c00000, 0x00000000d5580000)
  object space 274432K, 34% used [0x0000000080000000,0x0000000085bf2be0,0x0000000090c00000)
 Metaspace       used 150362K, capacity 158034K, committed 158156K, reserved 1185792K
  class space    used 19678K, capacity 21244K, committed 21248K, reserved 1048576K
Event: 6280.310 GC heap after
Heap after GC invocations=25 (full 4):
 PSYoungGen      total 515584K, used 44474K [0x00000000d5580000, 0x00000000fc280000, 0x0000000100000000)
  eden space 468992K, 0% used [0x00000000d5580000,0x00000000d5580000,0x00000000f1f80000)
  from space 46592K, 95% used [0x00000000f1f80000,0x00000000f4aee820,0x00000000f4d00000)
  to   space 53248K, 0% used [0x00000000f8e80000,0x00000000f8e80000,0x00000000fc280000)
 ParOldGen       total 274432K, used 94170K [0x0000000080000000, 0x0000000090c00000, 0x00000000d5580000)
  object space 274432K, 34% used [0x0000000080000000,0x0000000085bf6be0,0x0000000090c00000)
 Metaspace       used 150362K, capacity 158034K, committed 158156K, reserved 1185792K
  class space    used 19678K, capacity 21244K, committed 21248K, reserved 1048576K
}

